Build started 2012/11/17 午後 4:57:06.
     1>Project "C:\Users\Francis\documents\visual studio 2010\Projects\DanmakuX\DanmakuX\DanmakuX.vcxproj" on node 2 (build target(s)).
     1>InitializeBuildStatus:
         Touching "Debug\DanmakuX.unsuccessfulbuild".
       ClCompile:
         C:\Program Files (x86)\Microsoft Visual Studio 10.0\VC\bin\CL.exe /c /I"C:\Program Files (x86)\Microsoft Visual Studio 10.0\Allegro\include" /I"C:\Program Files (x86)\Microsoft Visual Studio 10.0\SDK\Lua" /ZI /nologo /W3 /WX- /Od /Oy- /D _MBCS /Gm /EHsc /RTC1 /MDd /GS /fp:precise /Zc:wchar_t /Zc:forScope /Fo"Debug\\" /Fd"Debug\vc100.pdb" /Gd /TP /analyze- /errorReport:prompt DanmakuX.cpp
         DanmakuX.cpp
       Link:
         C:\Program Files (x86)\Microsoft Visual Studio 10.0\VC\bin\link.exe /ERRORREPORT:PROMPT /OUT:"C:\Users\Francis\documents\visual studio 2010\Projects\DanmakuX\Debug\DanmakuX.exe" /NOLOGO /LIBPATH:"C:\Program Files (x86)\Microsoft Visual Studio 10.0\Allegro\lib" kernel32.lib user32.lib gdi32.lib winspool.lib comdlg32.lib advapi32.lib shell32.lib ole32.lib oleaut32.lib uuid.lib odbc32.lib odbccp32.lib "allegro-5.0.7-monolith-md-debug.lib" kernel32.lib user32.lib gdi32.lib winspool.lib comdlg32.lib advapi32.lib shell32.lib ole32.lib oleaut32.lib uuid.lib odbc32.lib odbccp32.lib /MANIFEST /ManifestFile:"Debug\DanmakuX.exe.intermediate.manifest" /MANIFESTUAC:"level='asInvoker' uiAccess='false'" /DEBUG /PDB:"C:\Users\Francis\documents\visual studio 2010\Projects\DanmakuX\Debug\DanmakuX.pdb" /SUBSYSTEM:CONSOLE /TLBID:1 /DYNAMICBASE /NXCOMPAT /IMPLIB:"C:\Users\Francis\documents\visual studio 2010\Projects\DanmakuX\Debug\DanmakuX.lib" /MACHINE:X86 Debug\Circle.obj
         Debug\DanmakuX.obj
         Debug\Enemy.obj
         Debug\EnemyBullet.obj
         Debug\Item.obj
         Debug\LoadScript.obj
         Debug\MenuItem.obj
         Debug\Player.obj
         Debug\PlayerBullet.obj
         Debug\Rectangle.obj
         Debug\ResourceCache.obj
         Debug\Test.obj
         LINK : C:\Users\Francis\documents\visual studio 2010\Projects\DanmakuX\Debug\DanmakuX.exe not found or not built by the last incremental link; performing full link
         DanmakuX.vcxproj -> C:\Users\Francis\documents\visual studio 2010\Projects\DanmakuX\Debug\DanmakuX.exe
       Manifest:
         C:\Program Files (x86)\Microsoft SDKs\Windows\v7.0A\bin\mt.exe /nologo /verbose /outputresource:"C:\Users\Francis\documents\visual studio 2010\Projects\DanmakuX\Debug\DanmakuX.exe;#1" /manifest Debug\DanmakuX.exe.intermediate.manifest
       FinalizeBuildStatus:
         Deleting file "Debug\DanmakuX.unsuccessfulbuild".
         Touching "Debug\DanmakuX.lastbuildstate".
     1>Done Building Project "C:\Users\Francis\documents\visual studio 2010\Projects\DanmakuX\DanmakuX\DanmakuX.vcxproj" (build target(s)).

Build succeeded.

Time Elapsed 00:00:05.80
