C:\USERS\FRANCIS\DOCUMENTS\VISUAL STUDIO 2010\PROJECTS\DANMAKUX\DANMAKUX\DEBUG\CIRCLE.OBJ
C:\Users\Francis\documents\visual studio 2010\Projects\DanmakuX\DanmakuX\Debug\cl.command.1.tlog
C:\Users\Francis\documents\visual studio 2010\Projects\DanmakuX\DanmakuX\Debug\CL.read.1.tlog
C:\Users\Francis\documents\visual studio 2010\Projects\DanmakuX\DanmakuX\Debug\CL.write.1.tlog
C:\Users\Francis\documents\visual studio 2010\Projects\DanmakuX\DanmakuX\Debug\DanmakuX.exe.intermediate.manifest
C:\USERS\FRANCIS\DOCUMENTS\VISUAL STUDIO 2010\PROJECTS\DANMAKUX\DANMAKUX\DEBUG\DANMAKUX.OBJ
C:\USERS\FRANCIS\DOCUMENTS\VISUAL STUDIO 2010\PROJECTS\DANMAKUX\DANMAKUX\DEBUG\ENEMY.OBJ
C:\USERS\FRANCIS\DOCUMENTS\VISUAL STUDIO 2010\PROJECTS\DANMAKUX\DANMAKUX\DEBUG\ENEMYBULLET.OBJ
C:\USERS\FRANCIS\DOCUMENTS\VISUAL STUDIO 2010\PROJECTS\DANMAKUX\DANMAKUX\DEBUG\ITEM.OBJ
C:\Users\Francis\documents\visual studio 2010\Projects\DanmakuX\DanmakuX\Debug\link.command.1.tlog
C:\Users\Francis\documents\visual studio 2010\Projects\DanmakuX\DanmakuX\Debug\link.read.1.tlog
C:\Users\Francis\documents\visual studio 2010\Projects\DanmakuX\DanmakuX\Debug\link.write.1.tlog
C:\USERS\FRANCIS\DOCUMENTS\VISUAL STUDIO 2010\PROJECTS\DANMAKUX\DANMAKUX\DEBUG\LOADSCRIPT.OBJ
C:\USERS\FRANCIS\DOCUMENTS\VISUAL STUDIO 2010\PROJECTS\DANMAKUX\DANMAKUX\DEBUG\MENUITEM.OBJ
C:\USERS\FRANCIS\DOCUMENTS\VISUAL STUDIO 2010\PROJECTS\DANMAKUX\DANMAKUX\DEBUG\PLAYER.OBJ
C:\USERS\FRANCIS\DOCUMENTS\VISUAL STUDIO 2010\PROJECTS\DANMAKUX\DANMAKUX\DEBUG\PLAYERBULLET.OBJ
C:\USERS\FRANCIS\DOCUMENTS\VISUAL STUDIO 2010\PROJECTS\DANMAKUX\DANMAKUX\DEBUG\RECTANGLE.OBJ
C:\USERS\FRANCIS\DOCUMENTS\VISUAL STUDIO 2010\PROJECTS\DANMAKUX\DANMAKUX\DEBUG\RESOURCECACHE.OBJ
C:\USERS\FRANCIS\DOCUMENTS\VISUAL STUDIO 2010\PROJECTS\DANMAKUX\DANMAKUX\DEBUG\TEST.OBJ
C:\Users\Francis\documents\visual studio 2010\Projects\DanmakuX\DanmakuX\Debug\vc100.idb
C:\USERS\FRANCIS\DOCUMENTS\VISUAL STUDIO 2010\PROJECTS\DANMAKUX\DANMAKUX\DEBUG\VC100.PDB
C:\Users\Francis\documents\visual studio 2010\Projects\DanmakuX\Debug\DanmakuX.pdb
